[debug] [2019-06-10T20:10:17.971Z] ----------------------------------------------------------------------
[debug] [2019-06-10T20:10:17.973Z] Command:       /Users/antoineguillemoto/.nvm/versions/node/v10.16.0/bin/node /Users/antoineguillemoto/.nvm/versions/node/v10.16.0/bin/firebase serve --only functions
[debug] [2019-06-10T20:10:17.973Z] CLI Version:   6.11.0
[debug] [2019-06-10T20:10:17.973Z] Platform:      darwin
[debug] [2019-06-10T20:10:17.973Z] Node Version:  v10.16.0
[debug] [2019-06-10T20:10:17.974Z] Time:          Mon Jun 10 2019 22:10:17 GMT+0200 (GMT+02:00)
[debug] [2019-06-10T20:10:17.974Z] ----------------------------------------------------------------------
[debug] 
[debug] [2019-06-10T20:10:17.980Z] > command requires scopes: ["email","openid","https://www.googleapis.com/auth/cloudplatformprojects.readonly","https://www.googleapis.com/auth/firebase","https://www.googleapis.com/auth/cloud-platform"]
[debug] [2019-06-10T20:10:17.980Z] > authorizing via signed-in user
[debug] [2019-06-10T20:10:17.980Z] [iam] checking project hipay-42 for permissions ["firebase.projects.get"]
[debug] [2019-06-10T20:10:17.982Z] >>> HTTP REQUEST POST https://cloudresourcemanager.googleapis.com/v1/projects/hipay-42:testIamPermissions  

[debug] [2019-06-10T20:10:18.833Z] <<< HTTP RESPONSE 200
[debug] [2019-06-10T20:10:18.836Z] >>> HTTP REQUEST GET https://cloudresourcemanager.googleapis.com/v1/projects/hipay-42  
 
[debug] [2019-06-10T20:10:19.646Z] <<< HTTP RESPONSE 200
[warn] ⚠  Your requested "node" version "8" doesn't match your global version "10"
[debug] [2019-06-10T20:10:19.659Z] >>> HTTP REQUEST GET https://mobilesdk-pa.googleapis.com/v1/projects/923321891171:getServerAppConfig  
 
[debug] [2019-06-10T20:10:19.854Z] <<< HTTP RESPONSE 200
[info] ✔  functions: Emulator started at http://localhost:5000
[info] i  functions: Watching "/Users/antoineguillemoto/repos/hipay/functions" for Cloud Functions...
[debug] [2019-06-10T20:10:20.090Z] Functions runtime initialized.
[debug] [2019-06-10T20:10:20.090Z] Disabled runtime features: {"functions_config_helper":true,"network_filtering":true,"timeout":true,"memory_limiting":true,"protect_env":true,"admin_stubs":true}
[debug] [2019-06-10T20:10:20.568Z] firebase-admin has been stubbed.
[info] i  Your code has been provided a "firebase-admin" instance.
[info] i  functions: HTTP trigger initialized at http://localhost:5000/hipay-42/us-central1/quickbooksApi
[info] Ignoring trigger "setAdminClaims" because the Cloud Firestore emulator is not running.
[info] Ignoring trigger "deleteAdminClaims" because the Cloud Firestore emulator is not running.
